<?xml version="1.0" encoding="UTF-8"?>
<!-- Generated by org.testng.reporters.JUnitReportReporter -->
<testsuite skipped="0" hostname="192-168-1-4.tpgi.com.au" name="com.testingfoo.tests.FlightBookingTest" tests="2" failures="0" timestamp="02 Aug 2019 03:08:27 GMT" time="47.525" errors="0">
  <testcase name="test" time="27.025" classname="com.testingfoo.tests.FlightBookingTest"/>
  <testcase name="test" time="20.500" classname="com.testingfoo.tests.FlightBookingTest"/>
</testsuite> <!-- com.testingfoo.tests.FlightBookingTest -->
